<?xml version="1.0" encoding="UTF-8"?>
<testng-results skipped="0" failed="0" ignored="0" total="1" passed="1">
  <reporter-output>
  </reporter-output>
  <suite name="Default suite" duration-ms="44047" started-at="2019-02-26T17:22:17Z" finished-at="2019-02-26T17:23:01Z">
    <groups>
    </groups>
    <test name="Default test" duration-ms="44047" started-at="2019-02-26T17:22:17Z" finished-at="2019-02-26T17:23:01Z">
      <class name="com.learnAutomation.textCase.LoginTestCRM">
        <test-method status="PASS" signature="loginApp()[pri:0, instance:com.learnAutomation.textCase.LoginTestCRM@4b9e13df]" name="loginApp" duration-ms="43877" started-at="2019-02-26T17:22:17Z" finished-at="2019-02-26T17:23:01Z">
          <reporter-output>
          </reporter-output>
        </test-method> <!-- loginApp -->
      </class> <!-- com.learnAutomation.textCase.LoginTestCRM -->
    </test> <!-- Default test -->
  </suite> <!-- Default suite -->
</testng-results>
